<?xml version="1.0" encoding="UTF-8"?>
<testsuite xmlns:xsi="http://www.w3.org/2001/XMLSchema-instance" xsi:noNamespaceSchemaLocation="https://maven.apache.org/surefire/maven-surefire-plugin/xsd/surefire-test-report.xsd" name="DataHandlerTest" time="0.003" tests="9" errors="0" skipped="0" failures="0">
  <properties>
[...]
</properties>
  <testcase name="emptyData" classname="DataHandlerTest" time="0"/>
  <testcase name="noInputData" classname="DataHandlerTest" time="0"/>
  <testcase name="getTimezoneByCity" classname="DataHandlerTest" time="0"/>
  <testcase name="correctCityDifferentTimezone" classname="DataHandlerTest" time="0"/>
  <testcase name="tonsOfSpacesInData" classname="DataHandlerTest" time="0"/>
  <testcase name="wrongSymbolsInCityFullData" classname="DataHandlerTest" time="0"/>
  <testcase name="wrongSymbolsInTimezone" classname="DataHandlerTest" time="0"/>
  <testcase name="setDefaultTimezone" classname="DataHandlerTest" time="0"/>
  <testcase name="wrongSymbolsInCityNoTimezone" classname="DataHandlerTest" time="0"/>
</testsuite>